<?xml version="1.0" encoding="UTF-8"?>
<!-- Generated by org.testng.reporters.JUnitReportReporter -->
<testsuite hostname="DESKTOP-FV7QQA3" failures="0" tests="1" name="configuration.runner.Mars_Metrics_runner" time="14.231" errors="0" timestamp="2025-03-10T12:27:35 IST" skipped="0">
  <testcase classname="configuration.runner.Mars_Metrics_runner" name="runScenario" time="14.231"/>
  <system-out/>
</testsuite> <!-- configuration.runner.Mars_Metrics_runner -->
